INFO:root:meetupslackers initiated
INFO:root:openConfig
INFO:root:loadMeetup
INFO:root:openConfig
INFO:requests.packages.urllib3.connectionpool:Starting new HTTPS connection (1): api.meetup.com
DEBUG:requests.packages.urllib3.connectionpool:"GET /2/events?offset=0&format=json&limited_events=False&group_urlname=learntocodela&photo-host=public&page=20&fields=&order=time&desc=false&status=upcoming&sig_id=12372452&sig=e6f5203d7bb6d103f9c745cc1f1ad25fbee86cf7 HTTP/1.1" 200 None
INFO:root:try_parse_json
WARNING:root:duration wasn't found
WARNING:root:duration wasn't found
WARNING:root:rsvp_limit wasn't found
WARNING:root:duration wasn't found
WARNING:root:duration wasn't found
INFO:root:announcing events
INFO:root:formatSlackMessage
INFO:requests.packages.urllib3.connectionpool:Starting new HTTPS connection (1): hooks.slack.com
DEBUG:requests.packages.urllib3.connectionpool:"POST /services/T0337T92Z/B03Q5GAF6/iujPhJq9o6ISTDLuNYfimMdP HTTP/1.1" 200 22
INFO:root:formatSlackMessage
INFO:requests.packages.urllib3.connectionpool:Starting new HTTPS connection (1): hooks.slack.com
DEBUG:requests.packages.urllib3.connectionpool:"POST /services/T0337T92Z/B03Q5GAF6/iujPhJq9o6ISTDLuNYfimMdP HTTP/1.1" 200 22
INFO:root:formatSlackMessage
INFO:requests.packages.urllib3.connectionpool:Starting new HTTPS connection (1): hooks.slack.com
DEBUG:requests.packages.urllib3.connectionpool:"POST /services/T0337T92Z/B03Q5GAF6/iujPhJq9o6ISTDLuNYfimMdP HTTP/1.1" 200 22
INFO:root:formatSlackMessage
INFO:requests.packages.urllib3.connectionpool:Starting new HTTPS connection (1): hooks.slack.com
DEBUG:requests.packages.urllib3.connectionpool:"POST /services/T0337T92Z/B03Q5GAF6/iujPhJq9o6ISTDLuNYfimMdP HTTP/1.1" 200 22
INFO:root:formatSlackMessage
INFO:requests.packages.urllib3.connectionpool:Starting new HTTPS connection (1): hooks.slack.com
DEBUG:requests.packages.urllib3.connectionpool:"POST /services/T0337T92Z/B03Q5GAF6/iujPhJq9o6ISTDLuNYfimMdP HTTP/1.1" 200 22
INFO:root:meetupslackers initiated
INFO:root:openConfig
INFO:root:loadMeetup called, opening config.conf
INFO:root:openConfig
INFO:requests.packages.urllib3.connectionpool:Starting new HTTPS connection (1): api.meetup.com
DEBUG:requests.packages.urllib3.connectionpool:"GET /2/events?offset=0&format=json&limited_events=False&group_urlname=learntocodela&photo-host=public&page=20&fields=&order=time&desc=false&status=upcoming&sig_id=12372452&sig=e6f5203d7bb6d103f9c745cc1f1ad25fbee86cf7 HTTP/1.1" 200 None
INFO:root:meetupslackers initiated
INFO:root:openConfig
INFO:root:loadMeetup called, opening config.conf
INFO:root:openConfig
INFO:requests.packages.urllib3.connectionpool:Starting new HTTPS connection (1): api.meetup.com
DEBUG:requests.packages.urllib3.connectionpool:"GET /2/events?offset=0&format=json&limited_events=False&group_urlname=learntocodela&photo-host=public&page=20&fields=&order=time&desc=false&status=upcoming&sig_id=12372452&sig=e6f5203d7bb6d103f9c745cc1f1ad25fbee86cf7 HTTP/1.1" 200 None
INFO:root:try_parse_json
WARNING:root:duration wasn't found
WARNING:root:duration wasn't found
WARNING:root:rsvp_limit wasn't found
WARNING:root:duration wasn't found
WARNING:root:duration wasn't found
INFO:root:announcing events
INFO:root:formatSlackMessage
INFO:requests.packages.urllib3.connectionpool:Starting new HTTPS connection (1): hooks.slack.com
DEBUG:requests.packages.urllib3.connectionpool:"POST /services/T0337T92Z/B03Q5GAF6/iujPhJq9o6ISTDLuNYfimMdP HTTP/1.1" 200 22
INFO:root:formatSlackMessage
INFO:requests.packages.urllib3.connectionpool:Starting new HTTPS connection (1): hooks.slack.com
DEBUG:requests.packages.urllib3.connectionpool:"POST /services/T0337T92Z/B03Q5GAF6/iujPhJq9o6ISTDLuNYfimMdP HTTP/1.1" 200 22
INFO:root:formatSlackMessage
INFO:requests.packages.urllib3.connectionpool:Starting new HTTPS connection (1): hooks.slack.com
DEBUG:requests.packages.urllib3.connectionpool:"POST /services/T0337T92Z/B03Q5GAF6/iujPhJq9o6ISTDLuNYfimMdP HTTP/1.1" 200 22
INFO:root:formatSlackMessage
INFO:requests.packages.urllib3.connectionpool:Starting new HTTPS connection (1): hooks.slack.com
DEBUG:requests.packages.urllib3.connectionpool:"POST /services/T0337T92Z/B03Q5GAF6/iujPhJq9o6ISTDLuNYfimMdP HTTP/1.1" 200 22
INFO:root:formatSlackMessage
INFO:requests.packages.urllib3.connectionpool:Starting new HTTPS connection (1): hooks.slack.com
DEBUG:requests.packages.urllib3.connectionpool:"POST /services/T0337T92Z/B03Q5GAF6/iujPhJq9o6ISTDLuNYfimMdP HTTP/1.1" 200 22
INFO:root:meetupslackers initiated
INFO:root:openConfig
INFO:root:loadMeetup called, opening config.conf
INFO:root:openConfig
INFO:requests.packages.urllib3.connectionpool:Starting new HTTPS connection (1): api.meetup.com
DEBUG:requests.packages.urllib3.connectionpool:"GET /2/events?offset=0&format=json&limited_events=False&group_urlname=learntocodela&photo-host=public&page=20&fields=&order=time&desc=false&status=upcoming&sig_id=12372452&sig=e6f5203d7bb6d103f9c745cc1f1ad25fbee86cf7 HTTP/1.1" 200 None
INFO:root:try_parse_json
WARNING:root:duration wasn't found
WARNING:root:duration wasn't found
WARNING:root:rsvp_limit wasn't found
WARNING:root:duration wasn't found
WARNING:root:duration wasn't found
INFO:root:announcing events
INFO:root:formatSlackMessage
INFO:requests.packages.urllib3.connectionpool:Starting new HTTPS connection (1): hooks.slack.com
DEBUG:requests.packages.urllib3.connectionpool:"POST /services/T0337T92Z/B03Q5GAF6/iujPhJq9o6ISTDLuNYfimMdP HTTP/1.1" 200 22
INFO:root:formatSlackMessage
INFO:requests.packages.urllib3.connectionpool:Starting new HTTPS connection (1): hooks.slack.com
DEBUG:requests.packages.urllib3.connectionpool:"POST /services/T0337T92Z/B03Q5GAF6/iujPhJq9o6ISTDLuNYfimMdP HTTP/1.1" 200 22
INFO:root:formatSlackMessage
INFO:requests.packages.urllib3.connectionpool:Starting new HTTPS connection (1): hooks.slack.com
DEBUG:requests.packages.urllib3.connectionpool:"POST /services/T0337T92Z/B03Q5GAF6/iujPhJq9o6ISTDLuNYfimMdP HTTP/1.1" 200 22
INFO:root:formatSlackMessage
INFO:requests.packages.urllib3.connectionpool:Starting new HTTPS connection (1): hooks.slack.com
DEBUG:requests.packages.urllib3.connectionpool:"POST /services/T0337T92Z/B03Q5GAF6/iujPhJq9o6ISTDLuNYfimMdP HTTP/1.1" 200 22
INFO:root:formatSlackMessage
INFO:requests.packages.urllib3.connectionpool:Starting new HTTPS connection (1): hooks.slack.com
DEBUG:requests.packages.urllib3.connectionpool:"POST /services/T0337T92Z/B03Q5GAF6/iujPhJq9o6ISTDLuNYfimMdP HTTP/1.1" 200 22
INFO:root:meetupslackers initiated
INFO:root:openConfig
INFO:root:loadMeetup called, opening config.conf
INFO:root:openConfig
INFO:requests.packages.urllib3.connectionpool:Starting new HTTPS connection (1): api.meetup.com
DEBUG:requests.packages.urllib3.connectionpool:"GET /2/events?offset=0&format=json&limited_events=False&group_urlname=learntocodela&photo-host=public&page=20&fields=&order=time&desc=false&status=upcoming&sig_id=12372452&sig=e6f5203d7bb6d103f9c745cc1f1ad25fbee86cf7 HTTP/1.1" 200 None
INFO:root:try_parse_json
WARNING:root:duration wasn't found
WARNING:root:duration wasn't found
WARNING:root:rsvp_limit wasn't found
WARNING:root:duration wasn't found
WARNING:root:duration wasn't found
INFO:root:announcing events
INFO:root:formatSlackMessage
INFO:requests.packages.urllib3.connectionpool:Starting new HTTPS connection (1): hooks.slack.com
INFO:root:meetupslackers initiated
INFO:root:openConfig
INFO:root:loadMeetup called, opening config.conf
INFO:root:openConfig
INFO:requests.packages.urllib3.connectionpool:Starting new HTTPS connection (1): api.meetup.com
DEBUG:requests.packages.urllib3.connectionpool:"GET /2/events?offset=0&format=json&limited_events=False&group_urlname=learntocodela&photo-host=public&page=20&fields=&order=time&desc=false&status=upcoming&sig_id=12372452&sig=e6f5203d7bb6d103f9c745cc1f1ad25fbee86cf7 HTTP/1.1" 200 None
INFO:root:try_parse_json
WARNING:root:duration wasn't found
WARNING:root:duration wasn't found
WARNING:root:rsvp_limit wasn't found
WARNING:root:duration wasn't found
WARNING:root:duration wasn't found
INFO:root:announcing events
INFO:root:formatSlackMessage
INFO:requests.packages.urllib3.connectionpool:Starting new HTTPS connection (1): hooks.slack.com
INFO:root:meetupslackers initiated
INFO:root:openConfig
INFO:root:loadMeetup called, opening config.conf
INFO:root:openConfig
INFO:requests.packages.urllib3.connectionpool:Starting new HTTPS connection (1): api.meetup.com
DEBUG:requests.packages.urllib3.connectionpool:"GET /2/events?offset=0&format=json&limited_events=False&group_urlname=learntocodela&photo-host=public&page=20&fields=&order=time&desc=false&status=upcoming&sig_id=12372452&sig=e6f5203d7bb6d103f9c745cc1f1ad25fbee86cf7 HTTP/1.1" 200 None
INFO:root:try_parse_json
WARNING:root:duration wasn't found
WARNING:root:duration wasn't found
WARNING:root:rsvp_limit wasn't found
WARNING:root:duration wasn't found
WARNING:root:duration wasn't found
INFO:root:announcing events
INFO:root:formatSlackMessage
INFO:requests.packages.urllib3.connectionpool:Starting new HTTPS connection (1): hooks.slack.com
DEBUG:requests.packages.urllib3.connectionpool:"POST /services/T0337T92Z/B03Q5E1SS/rFjsuJxi0OFDzoFlEUiWUGGC HTTP/1.1" 200 22
INFO:root:formatSlackMessage
INFO:requests.packages.urllib3.connectionpool:Starting new HTTPS connection (1): hooks.slack.com
DEBUG:requests.packages.urllib3.connectionpool:"POST /services/T0337T92Z/B03Q5E1SS/rFjsuJxi0OFDzoFlEUiWUGGC HTTP/1.1" 200 22
INFO:root:formatSlackMessage
INFO:requests.packages.urllib3.connectionpool:Starting new HTTPS connection (1): hooks.slack.com
DEBUG:requests.packages.urllib3.connectionpool:"POST /services/T0337T92Z/B03Q5E1SS/rFjsuJxi0OFDzoFlEUiWUGGC HTTP/1.1" 200 22
INFO:root:formatSlackMessage
INFO:requests.packages.urllib3.connectionpool:Starting new HTTPS connection (1): hooks.slack.com
DEBUG:requests.packages.urllib3.connectionpool:"POST /services/T0337T92Z/B03Q5E1SS/rFjsuJxi0OFDzoFlEUiWUGGC HTTP/1.1" 200 22
INFO:root:formatSlackMessage
INFO:requests.packages.urllib3.connectionpool:Starting new HTTPS connection (1): hooks.slack.com
DEBUG:requests.packages.urllib3.connectionpool:"POST /services/T0337T92Z/B03Q5E1SS/rFjsuJxi0OFDzoFlEUiWUGGC HTTP/1.1" 200 22
INFO:root:meetupslackers initiated
INFO:root:openConfig
INFO:root:loadMeetup called, opening config.conf
INFO:root:openConfig
INFO:requests.packages.urllib3.connectionpool:Starting new HTTPS connection (1): api.meetup.com
DEBUG:requests.packages.urllib3.connectionpool:"GET /2/events?offset=0&format=json&limited_events=False&group_urlname=learntocodela&photo-host=public&page=20&fields=&order=time&desc=false&status=upcoming&sig_id=12372452&sig=e6f5203d7bb6d103f9c745cc1f1ad25fbee86cf7 HTTP/1.1" 200 None
INFO:root:try_parse_json
WARNING:root:duration wasn't found
WARNING:root:duration wasn't found
WARNING:root:rsvp_limit wasn't found
WARNING:root:duration wasn't found
WARNING:root:duration wasn't found
INFO:root:announcing events
INFO:root:formatSlackMessage
INFO:requests.packages.urllib3.connectionpool:Starting new HTTPS connection (1): hooks.slack.com
DEBUG:requests.packages.urllib3.connectionpool:"POST /services/T0337T92Z/B04EQ40AG/4sLZoIvWEv1z0mOphRtXmilt HTTP/1.1" 200 22
INFO:root:formatSlackMessage
INFO:requests.packages.urllib3.connectionpool:Starting new HTTPS connection (1): hooks.slack.com
DEBUG:requests.packages.urllib3.connectionpool:"POST /services/T0337T92Z/B04EQ40AG/4sLZoIvWEv1z0mOphRtXmilt HTTP/1.1" 200 22
INFO:root:formatSlackMessage
INFO:requests.packages.urllib3.connectionpool:Starting new HTTPS connection (1): hooks.slack.com
DEBUG:requests.packages.urllib3.connectionpool:"POST /services/T0337T92Z/B04EQ40AG/4sLZoIvWEv1z0mOphRtXmilt HTTP/1.1" 200 22
INFO:root:formatSlackMessage
INFO:requests.packages.urllib3.connectionpool:Starting new HTTPS connection (1): hooks.slack.com
DEBUG:requests.packages.urllib3.connectionpool:"POST /services/T0337T92Z/B04EQ40AG/4sLZoIvWEv1z0mOphRtXmilt HTTP/1.1" 200 22
INFO:root:formatSlackMessage
INFO:requests.packages.urllib3.connectionpool:Starting new HTTPS connection (1): hooks.slack.com
DEBUG:requests.packages.urllib3.connectionpool:"POST /services/T0337T92Z/B04EQ40AG/4sLZoIvWEv1z0mOphRtXmilt HTTP/1.1" 200 22
